# JRE version: OpenJDK Runtime Environment Temurin-17.0.13+11 (17.0.13+11) (build 17.0.13+11)
# Java VM: OpenJDK 64-Bit Server VM Temurin-17.0.13+11 (17.0.13+11, mixed mode, tiered, compressed oops, compressed class ptrs, parallel gc, windows-amd64)
GC Precious Log:
 CPUs: 4 total, 4 available
 Memory: 6020M
 Large Page Support: Disabled
 NUMA Support: Disabled
 Compressed Oops: Enabled (32-bit)
 Alignments: Space 512K, Generation 512K, Heap 2M
 Heap Min Capacity: 100M
 Heap Initial Capacity: 100M
 Heap Max Capacity: 1G
 Pre-touch: Disabled
 Parallel Workers: 4
Heap:
 PSYoungGen      total 20480K, used 9235K [0x00000000eab00000, 0x00000000ecf80000, 0x0000000100000000)
  eden space 19456K, 42% used [0x00000000eab00000,0x00000000eb305690,0x00000000ebe00000)
  from space 1024K, 99% used [0x00000000ec580000,0x00000000ec67f7f0,0x00000000ec680000)
  to   space 7680K, 0% used [0x00000000ebe00000,0x00000000ebe00000,0x00000000ec580000)
 ParOldGen       total 68608K, used 32337K [0x00000000c0000000, 0x00000000c4300000, 0x00000000eab00000)
  object space 68608K, 47% used [0x00000000c0000000,0x00000000c1f944f8,0x00000000c4300000)
 Metaspace       used 52146K, committed 53184K, reserved 1114112K
  class space    used 5579K, committed 6016K, reserved 1048576K
GC Heap History (20 events):
Event: 36.940 GC heap before
{Heap before GC invocations=11 (full 1):
 PSYoungGen      total 29184K, used 20806K [0x00000000eab00000, 0x00000000ecd00000, 0x0000000100000000)
  eden space 23552K, 65% used [0x00000000eab00000,0x00000000eba18ef8,0x00000000ec200000)
  from space 5632K, 94% used [0x00000000ec280000,0x00000000ec7b8ce0,0x00000000ec800000)
  to   space 5120K, 0% used [0x00000000ec800000,0x00000000ec800000,0x00000000ecd00000)
 ParOldGen       total 68608K, used 13650K [0x00000000c0000000, 0x00000000c4300000, 0x00000000eab00000)
  object space 68608K, 19% used [0x00000000c0000000,0x00000000c0d54bb0,0x00000000c4300000)
 Metaspace       used 35096K, committed 35840K, reserved 1114112K
  class space    used 3482K, committed 3840K, reserved 1048576K
}
Event: 36.949 GC heap after
{Heap after GC invocations=11 (full 1):
 PSYoungGen      total 27136K, used 3127K [0x00000000eab00000, 0x00000000ecb80000, 0x0000000100000000)
  eden space 23552K, 0% used [0x00000000eab00000,0x00000000eab00000,0x00000000ec200000)
  from space 3584K, 87% used [0x00000000ec800000,0x00000000ecb0dc90,0x00000000ecb80000)
  to   space 4096K, 0% used [0x00000000ec380000,0x00000000ec380000,0x00000000ec780000)
 ParOldGen       total 68608K, used 15784K [0x00000000c0000000, 0x00000000c4300000, 0x00000000eab00000)
  object space 68608K, 23% used [0x00000000c0000000,0x00000000c0f6a078,0x00000000c4300000)
 Metaspace       used 35096K, committed 35840K, reserved 1114112K
  class space    used 3482K, committed 3840K, reserved 1048576K
}
Event: 36.949 GC heap before
{Heap before GC invocations=12 (full 2):
 PSYoungGen      total 27136K, used 3127K [0x00000000eab00000, 0x00000000ecb80000, 0x0000000100000000)
  eden space 23552K, 0% used [0x00000000eab00000,0x00000000eab00000,0x00000000ec200000)
  from space 3584K, 87% used [0x00000000ec800000,0x00000000ecb0dc90,0x00000000ecb80000)
  to   space 4096K, 0% used [0x00000000ec380000,0x00000000ec380000,0x00000000ec780000)
 ParOldGen       total 68608K, used 15784K [0x00000000c0000000, 0x00000000c4300000, 0x00000000eab00000)
  object space 68608K, 23% used [0x00000000c0000000,0x00000000c0f6a078,0x00000000c4300000)
 Metaspace       used 35096K, committed 35840K, reserved 1114112K
  class space    used 3482K, committed 3840K, reserved 1048576K
}
Event: 37.012 GC heap after
{Heap after GC invocations=12 (full 2):
 PSYoungGen      total 27136K, used 0K [0x00000000eab00000, 0x00000000ecb80000, 0x0000000100000000)
  eden space 23552K, 0% used [0x00000000eab00000,0x00000000eab00000,0x00000000ec200000)
  from space 3584K, 0% used [0x00000000ec800000,0x00000000ec800000,0x00000000ecb80000)
  to   space 4096K, 0% used [0x00000000ec380000,0x00000000ec380000,0x00000000ec780000)
 ParOldGen       total 68608K, used 14939K [0x00000000c0000000, 0x00000000c4300000, 0x00000000eab00000)
  object space 68608K, 21% used [0x00000000c0000000,0x00000000c0e96e78,0x00000000c4300000)
 Metaspace       used 35083K, committed 35840K, reserved 1114112K
  class space    used 3479K, committed 3840K, reserved 1048576K
}
Event: 37.851 GC heap before
{Heap before GC invocations=13 (full 2):
 PSYoungGen      total 27136K, used 23552K [0x00000000eab00000, 0x00000000ecb80000, 0x0000000100000000)
  eden space 23552K, 100% used [0x00000000eab00000,0x00000000ec200000,0x00000000ec200000)
  from space 3584K, 0% used [0x00000000ec800000,0x00000000ec800000,0x00000000ecb80000)
  to   space 4096K, 0% used [0x00000000ec380000,0x00000000ec380000,0x00000000ec780000)
 ParOldGen       total 68608K, used 14939K [0x00000000c0000000, 0x00000000c4300000, 0x00000000eab00000)
  object space 68608K, 21% used [0x00000000c0000000,0x00000000c0e96e78,0x00000000c4300000)
 Metaspace       used 36593K, committed 37376K, reserved 1114112K
  class space    used 3697K, committed 4032K, reserved 1048576K
}
Event: 37.855 GC heap after
{Heap after GC invocations=13 (full 2):
 PSYoungGen      total 24064K, used 533K [0x00000000eab00000, 0x00000000ec880000, 0x0000000100000000)
  eden space 23040K, 0% used [0x00000000eab00000,0x00000000eab00000,0x00000000ec180000)
  from space 1024K, 52% used [0x00000000ec380000,0x00000000ec405408,0x00000000ec480000)
  to   space 2048K, 0% used [0x00000000ec680000,0x00000000ec680000,0x00000000ec880000)
 ParOldGen       total 68608K, used 14947K [0x00000000c0000000, 0x00000000c4300000, 0x00000000eab00000)
  object space 68608K, 21% used [0x00000000c0000000,0x00000000c0e98e78,0x00000000c4300000)
 Metaspace       used 36593K, committed 37376K, reserved 1114112K
  class space    used 3697K, committed 4032K, reserved 1048576K
}
Event: 39.666 GC heap before
{Heap before GC invocations=14 (full 2):
 PSYoungGen      total 24064K, used 23573K [0x00000000eab00000, 0x00000000ec880000, 0x0000000100000000)
  eden space 23040K, 100% used [0x00000000eab00000,0x00000000ec180000,0x00000000ec180000)
  from space 1024K, 52% used [0x00000000ec380000,0x00000000ec405408,0x00000000ec480000)
  to   space 2048K, 0% used [0x00000000ec680000,0x00000000ec680000,0x00000000ec880000)
 ParOldGen       total 68608K, used 14947K [0x00000000c0000000, 0x00000000c4300000, 0x00000000eab00000)
  object space 68608K, 21% used [0x00000000c0000000,0x00000000c0e98e78,0x00000000c4300000)
 Metaspace       used 38912K, committed 39744K, reserved 1114112K
  class space    used 3929K, committed 4288K, reserved 1048576K
}
Event: 39.669 GC heap after
{Heap after GC invocations=14 (full 2):
 PSYoungGen      total 24064K, used 1225K [0x00000000eab00000, 0x00000000ec800000, 0x0000000100000000)
  eden space 22528K, 0% used [0x00000000eab00000,0x00000000eab00000,0x00000000ec100000)
  from space 1536K, 79% used [0x00000000ec680000,0x00000000ec7b25d8,0x00000000ec800000)
  to   space 1536K, 0% used [0x00000000ec500000,0x00000000ec500000,0x00000000ec680000)
 ParOldGen       total 68608K, used 15386K [0x00000000c0000000, 0x00000000c4300000, 0x00000000eab00000)
  object space 68608K, 22% used [0x00000000c0000000,0x00000000c0f06ba0,0x00000000c4300000)
 Metaspace       used 38912K, committed 39744K, reserved 1114112K
  class space    used 3929K, committed 4288K, reserved 1048576K
}
Event: 40.390 GC heap before
{Heap before GC invocations=15 (full 2):
 PSYoungGen      total 24064K, used 23753K [0x00000000eab00000, 0x00000000ec800000, 0x0000000100000000)
  eden space 22528K, 100% used [0x00000000eab00000,0x00000000ec100000,0x00000000ec100000)
  from space 1536K, 79% used [0x00000000ec680000,0x00000000ec7b25d8,0x00000000ec800000)
  to   space 1536K, 0% used [0x00000000ec500000,0x00000000ec500000,0x00000000ec680000)
 ParOldGen       total 68608K, used 15386K [0x00000000c0000000, 0x00000000c4300000, 0x00000000eab00000)
  object space 68608K, 22% used [0x00000000c0000000,0x00000000c0f06ba0,0x00000000c4300000)
 Metaspace       used 41164K, committed 42112K, reserved 1114112K
  class space    used 4220K, committed 4608K, reserved 1048576K
}
Event: 40.396 GC heap after
{Heap after GC invocations=15 (full 2):
 PSYoungGen      total 23040K, used 768K [0x00000000eab00000, 0x00000000ec700000, 0x0000000100000000)
  eden space 22016K, 0% used [0x00000000eab00000,0x00000000eab00000,0x00000000ec080000)
  from space 1024K, 75% used [0x00000000ec500000,0x00000000ec5c0000,0x00000000ec600000)
  to   space 1024K, 0% used [0x00000000ec600000,0x00000000ec600000,0x00000000ec700000)
 ParOldGen       total 68608K, used 16557K [0x00000000c0000000, 0x00000000c4300000, 0x00000000eab00000)
  object space 68608K, 24% used [0x00000000c0000000,0x00000000c102b740,0x00000000c4300000)
 Metaspace       used 41164K, committed 42112K, reserved 1114112K
  class space    used 4220K, committed 4608K, reserved 1048576K
}
Event: 41.334 GC heap before
{Heap before GC invocations=16 (full 2):
 PSYoungGen      total 23040K, used 22784K [0x00000000eab00000, 0x00000000ec700000, 0x0000000100000000)
  eden space 22016K, 100% used [0x00000000eab00000,0x00000000ec080000,0x00000000ec080000)
  from space 1024K, 75% used [0x00000000ec500000,0x00000000ec5c0000,0x00000000ec600000)
  to   space 1024K, 0% used [0x00000000ec600000,0x00000000ec600000,0x00000000ec700000)
 ParOldGen       total 68608K, used 16557K [0x00000000c0000000, 0x00000000c4300000, 0x00000000eab00000)
  object space 68608K, 24% used [0x00000000c0000000,0x00000000c102b740,0x00000000c4300000)
 Metaspace       used 43698K, committed 44672K, reserved 1114112K
  class space    used 4532K, committed 4928K, reserved 1048576K
}
Event: 41.340 GC heap after
{Heap after GC invocations=16 (full 2):
 PSYoungGen      total 23040K, used 982K [0x00000000eab00000, 0x00000000ec700000, 0x0000000100000000)
  eden space 22016K, 0% used [0x00000000eab00000,0x00000000eab00000,0x00000000ec080000)
  from space 1024K, 95% used [0x00000000ec600000,0x00000000ec6f5a40,0x00000000ec700000)
  to   space 1536K, 0% used [0x00000000ec400000,0x00000000ec400000,0x00000000ec580000)
 ParOldGen       total 68608K, used 17257K [0x00000000c0000000, 0x00000000c4300000, 0x00000000eab00000)
  object space 68608K, 25% used [0x00000000c0000000,0x00000000c10da7c8,0x00000000c4300000)
 Metaspace       used 43698K, committed 44672K, reserved 1114112K
  class space    used 4532K, committed 4928K, reserved 1048576K
}
Event: 42.157 GC heap before
{Heap before GC invocations=17 (full 2):
 PSYoungGen      total 23040K, used 22998K [0x00000000eab00000, 0x00000000ec700000, 0x0000000100000000)
  eden space 22016K, 100% used [0x00000000eab00000,0x00000000ec080000,0x00000000ec080000)
  from space 1024K, 95% used [0x00000000ec600000,0x00000000ec6f5a40,0x00000000ec700000)
  to   space 1536K, 0% used [0x00000000ec400000,0x00000000ec400000,0x00000000ec580000)
 ParOldGen       total 68608K, used 17257K [0x00000000c0000000, 0x00000000c4300000, 0x00000000eab00000)
  object space 68608K, 25% used [0x00000000c0000000,0x00000000c10da7c8,0x00000000c4300000)
 Metaspace       used 46003K, committed 47040K, reserved 1114112K
  class space    used 4820K, committed 5248K, reserved 1048576K
}
Event: 42.167 GC heap after
{Heap after GC invocations=17 (full 2):
 PSYoungGen      total 23552K, used 1488K [0x00000000eab00000, 0x00000000ec680000, 0x0000000100000000)
  eden space 22016K, 0% used [0x00000000eab00000,0x00000000eab00000,0x00000000ec080000)
  from space 1536K, 96% used [0x00000000ec400000,0x00000000ec574020,0x00000000ec580000)
  to   space 1024K, 0% used [0x00000000ec580000,0x00000000ec580000,0x00000000ec680000)
 ParOldGen       total 68608K, used 18176K [0x00000000c0000000, 0x00000000c4300000, 0x00000000eab00000)
  object space 68608K, 26% used [0x00000000c0000000,0x00000000c11c00b8,0x00000000c4300000)
 Metaspace       used 46003K, committed 47040K, reserved 1114112K
  class space    used 4820K, committed 5248K, reserved 1048576K
}
Event: 43.362 GC heap before
{Heap before GC invocations=18 (full 2):
 PSYoungGen      total 23552K, used 23504K [0x00000000eab00000, 0x00000000ec680000, 0x0000000100000000)
  eden space 22016K, 100% used [0x00000000eab00000,0x00000000ec080000,0x00000000ec080000)
  from space 1536K, 96% used [0x00000000ec400000,0x00000000ec574020,0x00000000ec580000)
  to   space 1024K, 0% used [0x00000000ec580000,0x00000000ec580000,0x00000000ec680000)
 ParOldGen       total 68608K, used 18176K [0x00000000c0000000, 0x00000000c4300000, 0x00000000eab00000)
  object space 68608K, 26% used [0x00000000c0000000,0x00000000c11c00b8,0x00000000c4300000)
 Metaspace       used 48494K, committed 49536K, reserved 1114112K
  class space    used 5115K, committed 5568K, reserved 1048576K
}
Event: 43.369 GC heap after
{Heap after GC invocations=18 (full 2):
 PSYoungGen      total 23040K, used 1007K [0x00000000eab00000, 0x00000000ec680000, 0x0000000100000000)
  eden space 22016K, 0% used [0x00000000eab00000,0x00000000eab00000,0x00000000ec080000)
  from space 1024K, 98% used [0x00000000ec580000,0x00000000ec67bc50,0x00000000ec680000)
  to   space 3072K, 0% used [0x00000000ec080000,0x00000000ec080000,0x00000000ec380000)
 ParOldGen       total 68608K, used 19963K [0x00000000c0000000, 0x00000000c4300000, 0x00000000eab00000)
  object space 68608K, 29% used [0x00000000c0000000,0x00000000c137ec50,0x00000000c4300000)
 Metaspace       used 48494K, committed 49536K, reserved 1114112K
  class space    used 5115K, committed 5568K, reserved 1048576K
}
Event: 43.672 GC heap before
{Heap before GC invocations=19 (full 2):
 PSYoungGen      total 23040K, used 23023K [0x00000000eab00000, 0x00000000ec680000, 0x0000000100000000)
  eden space 22016K, 100% used [0x00000000eab00000,0x00000000ec080000,0x00000000ec080000)
  from space 1024K, 98% used [0x00000000ec580000,0x00000000ec67bc50,0x00000000ec680000)
  to   space 3072K, 0% used [0x00000000ec080000,0x00000000ec080000,0x00000000ec380000)
 ParOldGen       total 68608K, used 19963K [0x00000000c0000000, 0x00000000c4300000, 0x00000000eab00000)
  object space 68608K, 29% used [0x00000000c0000000,0x00000000c137ec50,0x00000000c4300000)
 Metaspace       used 49569K, committed 50624K, reserved 1114112K
  class space    used 5234K, committed 5696K, reserved 1048576K
}
Event: 43.766 GC heap after
{Heap after GC invocations=19 (full 2):
 PSYoungGen      total 25088K, used 3069K [0x00000000eab00000, 0x00000000ec680000, 0x0000000100000000)
  eden space 22016K, 0% used [0x00000000eab00000,0x00000000eab00000,0x00000000ec080000)
  from space 3072K, 99% used [0x00000000ec080000,0x00000000ec37f698,0x00000000ec380000)
  to   space 1024K, 0% used [0x00000000ec580000,0x00000000ec580000,0x00000000ec680000)
 ParOldGen       total 68608K, used 27501K [0x00000000c0000000, 0x00000000c4300000, 0x00000000eab00000)
  object space 68608K, 40% used [0x00000000c0000000,0x00000000c1adb6f8,0x00000000c4300000)
 Metaspace       used 49569K, committed 50624K, reserved 1114112K
  class space    used 5234K, committed 5696K, reserved 1048576K
}
Event: 45.237 GC heap before
{Heap before GC invocations=20 (full 2):
 PSYoungGen      total 25088K, used 25085K [0x00000000eab00000, 0x00000000ec680000, 0x0000000100000000)
  eden space 22016K, 100% used [0x00000000eab00000,0x00000000ec080000,0x00000000ec080000)
  from space 3072K, 99% used [0x00000000ec080000,0x00000000ec37f698,0x00000000ec380000)
  to   space 1024K, 0% used [0x00000000ec580000,0x00000000ec580000,0x00000000ec680000)
 ParOldGen       total 68608K, used 27501K [0x00000000c0000000, 0x00000000c4300000, 0x00000000eab00000)
  object space 68608K, 40% used [0x00000000c0000000,0x00000000c1adb6f8,0x00000000c4300000)
 Metaspace       used 51233K, committed 52288K, reserved 1114112K
  class space    used 5470K, committed 5952K, reserved 1048576K
}
Event: 45.248 GC heap after
{Heap after GC invocations=20 (full 2):
 PSYoungGen      total 20480K, used 1021K [0x00000000eab00000, 0x00000000ecf80000, 0x0000000100000000)
  eden space 19456K, 0% used [0x00000000eab00000,0x00000000eab00000,0x00000000ebe00000)
  from space 1024K, 99% used [0x00000000ec580000,0x00000000ec67f7f0,0x00000000ec680000)
  to   space 7680K, 0% used [0x00000000ebe00000,0x00000000ebe00000,0x00000000ec580000)
 ParOldGen       total 68608K, used 32337K [0x00000000c0000000, 0x00000000c4300000, 0x00000000eab00000)
  object space 68608K, 47% used [0x00000000c0000000,0x00000000c1f944f8,0x00000000c4300000)
 Metaspace       used 51233K, committed 52288K, reserved 1114112K
  class space    used 5470K, committed 5952K, reserved 1048576K
}

